18-05-2015 10:10:32		change	cell	29.0	(29, 21)	81.3321251357
18-05-2015 10:10:32		delete	column	65	65	[ 69.30390035  32.35187957  16.25824544  44.87423312  21.85876944
  95.41645458  55.07023306   1.45948434   0.82039275  38.16681145
  23.89603589  51.92860734  96.6862551   66.30146205  47.86278672
  71.97237552  53.62861833  89.29553857  69.17028637  15.38412757
  44.32446846  20.6465222   66.65472013   6.25193405  44.65951679
  82.40574963  16.59855107  51.49187987  68.63661978  61.06760104
   2.69001079  39.63947259  13.9012633   52.86150151  65.9382448
   6.2288868   67.73940973  92.94020555  13.50472869  90.82043427
  12.94901268  98.48734186  91.34489674  30.68575364  14.95416381
  60.79155028  30.16049596   3.04607688  60.30545333  53.98556194
  75.34831025]
18-05-2015 10:10:32		add	row	51.0	27	[51.0, 32.77728116220931, 24.999667668640036, 95.28169091459117, 99.65569925394551, 4.455638245043303, 86.0161037286291, 60.3190610968185, 38.160598591911786, 28.361821790671517, 67.49648471349559, 45.68311510583057, 68.58614854745947, 66.18463200523512, 13.297814471221281, 76.78378139439906, 98.24132490111909, 96.93881604049189, 61.3326820546709, 4.42606328646209, 0.40551441584074643, 13.397252704913388, 94.10022713958341, 30.28605620290723, 36.614560166042644, 89.81962445391883, 31.436380495645068, 54.89821840124055, 43.603095762412224, 6.499417612685054, 58.45462257019302, 84.40678976619022, 15.64189183874064, 22.42989686860415, 41.28702077148407, 3.6924869058629017, 49.660349861654815, 81.79828644296319, 65.78909387591091, 53.34837356527721, 85.51257407736, 14.968813497140154, 56.72354768631239, 37.41748177480889, 60.130454711363946, 11.291570189443622, 77.55127010728279, 9.660583318435268, 16.63637457932475, 80.74497520247557, 94.76939242234907, 43.323150255148576, 41.408083174830125, 24.548187614075513, 27.470339196557703, 61.72527709741663, 17.846041072072527, 11.948250433077712, 45.57348586810382, 16.49378065796322, 64.87248312162271, 82.1055674361497, 77.75113893753993, 48.01333902243476, 34.757125622081695, 43.47105489944344, 0.5008574909348362, 71.25732007896374, 33.16572226354955, 31.942323776053392, 7.992503242021254, 44.805592600101605, 58.28489673005941, 39.0586941842884, 86.95455453974029, 67.33532167485129, 24.14082418108049, 52.53538488765902, 91.05338176465975, 52.01096943214129, 60.21048687389493, 6.277362381152097, 48.938611652176434, 46.14412627964344, 40.11298800689024, 42.04353581465221, 58.493504933439574, 53.86670484231432, 48.98957587909363, 16.579644053220765, 44.13468174535875, 96.86781985609426, 41.51736932178327, 3.5317829787831156, 0.2830426682370324, 53.541845131621294, 5.057294182209637, 9.274340534219172, 10.875641262696911, 45.407833034881975]
18-05-2015 10:10:32		delete	column	48	48	[ 29.26899412  64.62262861  40.82833875  12.21794885  34.65852802
  39.34290618  13.57492368  93.22163914  38.79441233  89.8995421
  59.87468253  17.16507409  11.47728934  84.98903342  47.76095628
  64.85373841  41.74333492  93.95201694   3.31592168  32.67097482
  69.44529279  60.9161658   58.25462593  43.80667295  76.85430544
  52.12856215  14.67220586  16.63637458  99.10342918  75.74769179
  78.30716231  54.16302616  37.7480209   60.11043768  20.08888693
  49.33343902  79.42902656  91.05499156  98.37651367  96.1102971
  12.02489244   5.65417696  89.8306333   49.32573116  74.57238638
  65.62176926  57.65547105  42.91708406  55.99004436  19.13001089
  32.77871523  82.48981573]
18-05-2015 10:10:32		change	cell	22.0	(22, 49)	44.7087469274
18-05-2015 10:10:32		delete	row	45.0	46	[ 45.          75.4459063   72.45254307  70.79995216  50.89315283
   7.89277527  75.43498873  47.31438834   7.87421111  15.06538678
  60.89048157  10.35717808  62.54145808  76.3486621   31.87493043
  93.97871392  74.6219231   12.85960941  73.10953763  23.89182876
  80.62152021  30.25751307   7.3433766   84.42743326  71.59189193
   2.76276543  84.233468    30.82566462  45.14001724   5.56680202
  81.6997518   50.72873767  49.22995233  52.20558673  75.13297816
  70.73907199  30.43138293  72.98558677  94.81518392  28.0371703
  83.3039259   85.94062225  35.6362549   59.58202583   7.95189281
  22.37010698  66.10887751  74.50616764  37.69022876  19.07970575
  55.32945683  35.96313196  53.48116885   5.95619857  45.64047835
  93.91934432  53.51136415  86.6611242   61.49433249  43.43151403
  21.21930817  76.15470286  74.98269377  56.66753451  74.65886818
  16.07383347  22.23565188   0.33482098  71.83484723  19.1159418
  88.81799157   4.05587984  96.53015363  28.85685502  25.40232065
   3.71334782  12.48903309  93.61182454  49.06675794  58.04662476
  97.54901408  48.17478645  91.43069809  60.14979991  34.87663681
  73.00647758  46.75881942  42.51382504  49.81110873  66.67886012
  41.44862343   1.36602047  97.04887482  63.43848469  22.63921193
  32.46881303  98.00205175  78.63196355  75.67353956]
18-05-2015 10:10:32		delete	row	21.0	21	[ 21.          81.49238655  42.35045646  40.31925306  20.50097484
  55.31872149  43.00871382  28.82831568  23.40633768  27.33005824
  96.64145202  44.21684677  18.68841286   6.52059614  34.52479541
  23.77853703  73.30094704  34.08271808  30.12031126  37.75256302
  95.03097619  55.2759329   20.10659475  49.82170736  72.67539108
  67.53566863  45.72583857   2.60046595   7.68987529   7.19814885
  90.95401786  82.84394065  22.33297077   8.21331975  80.29459059
  26.12898778  98.71645553  14.01314084  88.25491552  46.74029123
  17.55554882  31.25899699  70.69596728  98.55409867  79.82531159
  14.31481659  48.17830926   5.54793176  83.95292571  45.12156309
   1.76826762  74.32210173  27.81048684  12.41627452   4.55527597
  10.28421723  57.07752637  73.74559248  78.90668687  71.82163524
  54.31304534   3.98710412  52.8460627   35.81745638   9.54666515
  50.20538222  46.80765449  95.54870167  63.08644137  33.56333524
  36.43341557  11.63200049   8.32004867  93.42229462  73.93176134
   5.74234593  31.39907509  79.41514328  19.92459292   8.17037607
  14.55016171  35.54491837  93.03128233  59.56119548  71.53553043
  39.26857732  23.24844799  59.53192486  72.61940562  21.56345446
  77.68065989  74.83309557  92.48985796  22.67196587  28.34063962
  27.67273441  14.4162874    0.3534127    8.62424232]
18-05-2015 10:10:32		delete	row	46.0	45	[ 46.          26.49349108  18.68312502   8.94190678  43.18075544
  18.19004676  18.80205224  77.63591018  93.81685341  76.47109877
  45.67797543  11.60852062  16.76299393  21.23856623  46.54845034
   5.23993972  59.89924002  43.49532145   4.82496705  45.12566998
  48.6679306   48.36944277   4.59076779  27.35251771  77.6406321
  50.87419983  13.51878655  44.40236287  52.44422449  57.313255
  19.30871987  70.87734069  33.61400077  96.66383541   4.3784202
  80.02789564   7.4325146   67.05600927  46.81473746  38.4317582
  47.53204666  26.3914158   25.81420536  41.3406245   17.36053474
  68.62766288  84.43636609  16.96276722  18.21295408  20.29182312
  49.5194726   48.19051285   2.98733113  83.78702237  14.91591123
  86.04688919  21.29170099  49.71117428   5.67986334  37.91209503
  28.29753935  95.09623547  83.73428356  94.89576879  12.14599859
  75.50411175  51.62577892  55.78608438  40.57104549  68.53056565
  36.42956257  65.05103812  11.02598894  60.7355047   83.14396159
  89.71203549  24.4236231   93.66188579  96.30943841  48.26501879
  88.68883285  15.02236831  76.29948013   8.872918    47.33299335
  64.95809665  24.93421738  92.17915826  38.18823305  18.10318474
  30.10920352  46.46100881  64.42282621  91.0905953   12.06944305
   9.73266948  13.94791667  66.63713553  34.79224436]
